DEBUG 2014-12-03 11:19:20 views 5668 4068 wangxin:登陆成功
DEBUG 2014-12-03 11:19:41 views 5668 4508 wangxin:注销
DEBUG 2014-12-03 11:19:58 views 5668 876 AnonymousUser:登陆失败:用户名或密码输入错误，请重新输入
DEBUG 2014-12-03 11:20:15 views 5668 4244 AnonymousUser:登陆失败:用户名或密码输入错误，请重新输入
DEBUG 2014-12-03 11:20:34 views 5668 5760 zhangyiwu:登陆成功
DEBUG 2014-12-03 11:27:59 views 3168 3056 zhangyiwu: 修改文章
DEBUG 2014-12-03 11:28:15 views 3168 5880 zhangyiwu: 修改文章
DEBUG 2014-12-03 11:28:15 views 3168 5880 zhangyiwu: 操作Django学习 之  在Django中实现验证码(转帖) 成功
DEBUG 2014-12-03 11:31:36 views 3168 3544 wangxin: 修改文章
DEBUG 2014-12-03 11:37:36 views 3168 952 wangxin: 修改文章
DEBUG 2014-12-03 11:37:36 views 3168 952 wangxin: 操作我的日程记录（2014-12-3） 成功
DEBUG 2014-12-03 11:38:25 views 3168 4512 wangxin: 发表评论 成功
DEBUG 2014-12-03 11:48:16 views 3168 1744 wangxin: 发表评论 成功
DEBUG 2014-12-03 11:48:49 views 3168 3952 wangxin: 发表评论 成功
DEBUG 2014-12-03 12:32:00 views 6492 7156 wangxin:登陆成功
DEBUG 2014-12-03 12:32:03 views 6492 2200 wangxin: 添加文章 
DEBUG 2014-12-03 12:32:33 views 6492 5728 wangxin:注销
DEBUG 2014-12-03 12:32:48 views 6492 6604 zhangyiwu:登陆成功
DEBUG 2014-12-03 12:33:25 views 6492 4364 zhangyiwu:注销
DEBUG 2014-12-03 12:33:57 views 6492 3800 AnonymousUser: 没有登录，不能发表评论
DEBUG 2014-12-03 12:34:10 views 6492 6252 wangxiaoliang:登陆成功
DEBUG 2014-12-03 12:34:28 views 6492 1244 wangxiaoliang: 发表评论 成功
DEBUG 2014-12-03 12:36:32 views 6504 7044 wangxiaoliang: 发表评论 成功
DEBUG 2014-12-03 12:37:24 views 6504 6592 wangxiaoliang:注销
DEBUG 2014-12-03 12:37:31 views 6504 3396 wangxin:登陆成功
DEBUG 2014-12-03 12:38:14 views 6504 5548 wangxin: 发表评论 成功
DEBUG 2014-12-03 12:38:20 views 6504 6408 wangxin:注销
DEBUG 2014-12-03 12:38:35 views 6504 4556 zhangyiwu:登陆成功
DEBUG 2014-12-03 12:39:29 views 6504 7004 zhangyiwu: 发表评论 成功
DEBUG 2014-12-03 12:39:35 views 6504 5640 zhangyiwu:注销
DEBUG 2014-12-03 12:42:19 views 6504 6432 wangxin:登陆成功
DEBUG 2014-12-03 12:47:39 views 756 6328 AnonymousUser: 没有登录，不能发表评论
DEBUG 2014-12-03 12:47:49 views 756 4468 zhangyiwu:登陆成功
DEBUG 2014-12-03 12:48:10 views 756 3524 zhangyiwu: 发表评论 成功
DEBUG 2014-12-03 12:55:46 views 756 7120 zhangyiwu: 发表评论 成功
DEBUG 2014-12-03 12:56:24 views 756 4584 zhangyiwu: 发表评论 成功
DEBUG 2014-12-03 12:56:34 views 756 6160 zhangyiwu:注销
DEBUG 2014-12-03 16:51:07 views 3036 2576 AnonymousUser: 没有登录，不能发表评论
DEBUG 2014-12-03 16:51:11 views 3036 6416 wangxin:登陆成功
DEBUG 2014-12-03 16:51:35 views 3036 7016 wangxin: 发表评论 成功
DEBUG 2014-12-03 16:51:43 views 3036 2848 wangxin: 发表评论 成功
DEBUG 2014-12-03 16:51:59 views 3036 6908 wangxin : 删除评论 成功
DEBUG 2014-12-03 16:53:23 views 3036 6880 wangxin: 发表评论 成功
DEBUG 2014-12-03 17:01:45 views 6628 5316 wangxin:注销
DEBUG 2014-12-03 17:02:21 views 6628 6120 AnonymousUser:注册成功
DEBUG 2014-12-03 17:02:55 views 6628 6884 renbaofeng: 发表评论 成功
DEBUG 2014-12-03 17:03:13 views 6628 7040 renbaofeng:注销
DEBUG 2014-12-03 17:03:19 views 6628 5184 wangxin:登陆成功
DEBUG 2014-12-03 17:03:29 views 6628 5740 wangxin : 删除评论 成功
DEBUG 2014-12-03 17:31:02 views 6628 912 wangxin: 添加文章 
DEBUG 2014-12-03 17:32:31 views 6628 6360 wangxin: 添加文章 
DEBUG 2014-12-03 17:32:31 views 6628 6360 wangxin: 操作Django 利用 Django-Chartit 制作统计报表 成功
DEBUG 2014-12-03 17:33:35 views 6628 4196 wangxin: 发表评论 成功
DEBUG 2014-12-03 17:36:24 views 6628 6368 wangxin: 发表评论 成功
DEBUG 2014-12-03 17:36:38 views 6628 4264 wangxin: 修改文章
DEBUG 2014-12-03 17:36:47 views 6628 296 wangxin: 修改文章
DEBUG 2014-12-03 17:36:47 views 6628 296 wangxin: 操作Django 利用 Django-Chartit 制作统计报表 成功
DEBUG 2014-12-03 20:04:36 views 3012 5656 wangxin: 发表评论 成功
DEBUG 2014-12-03 20:08:33 views 4460 3012 wangxin: 发表评论 成功
DEBUG 2014-12-03 21:55:50 views 3748 5896 wangxin: 发表评论 成功
DEBUG 2014-12-03 23:00:09 views 5844 3184 wangxin: 发表评论 成功
DEBUG 2014-12-03 23:01:09 views 5844 4544 wangxin: 发表评论 成功
DEBUG 2014-12-04 09:47:42 views 4612 5800 wangxin: 添加文章 
DEBUG 2014-12-04 09:58:30 views 4612 3152 wangxin: 添加文章 
DEBUG 2014-12-04 09:58:30 views 4612 3152 wangxin: 操作日程记录 ----2014-12-04 成功
DEBUG 2014-12-04 10:00:01 views 4612 2288 wangxin: 发表评论 成功
DEBUG 2014-12-04 10:00:07 views 4612 3348 wangxin: 修改文章
DEBUG 2014-12-04 10:01:17 views 4612 5156 wangxin: 修改文章
DEBUG 2014-12-04 10:01:17 views 4612 5156 wangxin: 操作日程记录 ----2014-12-04 成功
DEBUG 2014-12-04 10:02:43 views 4612 1212 wangxin: 发表评论 成功
DEBUG 2014-12-04 10:59:46 views 2080 3516 wangxin: 发表评论 成功
DEBUG 2014-12-04 11:03:25 views 2080 2292 wangxin: 发表评论 成功
DEBUG 2014-12-04 11:04:41 views 2080 2360 wangxin: 发表评论 成功
DEBUG 2014-12-04 11:06:58 views 2080 5744 wangxin: 添加文章 
DEBUG 2014-12-04 11:08:24 views 2080 4956 wangxin: 添加文章 
DEBUG 2014-12-04 11:08:25 views 2080 4956 wangxin: 操作Django学习系列之官方文档学习（发送邮件篇) 成功
DEBUG 2014-12-04 11:09:17 views 2080 2044 wangxin: 发表评论 成功
DEBUG 2014-12-04 11:16:34 views 2080 3344 wangxin: 发表评论 成功
DEBUG 2014-12-04 11:28:37 views 2080 2684 wangxin: 发表评论 成功
DEBUG 2014-12-04 11:31:12 views 2080 5520 wangxin: 发表评论 成功
DEBUG 2014-12-04 12:26:17 views 2080 6780 wangxin: 发表评论 成功
DEBUG 2014-12-04 12:27:18 views 2080 6580 wangxin: 发表评论 成功
DEBUG 2014-12-04 13:27:11 views 5528 6540 wangxin:注销
DEBUG 2014-12-04 13:27:44 views 5528 6596 AnonymousUser:注册成功
DEBUG 2014-12-04 13:28:24 views 5528 3400 wangxinyuan:注销
DEBUG 2014-12-04 13:28:38 views 5528 3956 wangxinyuan:登陆成功
DEBUG 2014-12-04 13:28:41 views 5528 6900 wangxinyuan:注销
DEBUG 2014-12-04 13:48:18 views 6912 6936 wangxin:注销
DEBUG 2014-12-04 13:48:44 views 6912 6928 AnonymousUser:注册成功
DEBUG 2014-12-04 13:51:44 views 6816 4808 AnonymousUser:注册成功
DEBUG 2014-12-04 13:51:47 views 6816 6108 caokefan:发送邮件失败，失败原因,send_mail() takes exactly 1 argument (5 given)
DEBUG 2014-12-04 13:59:21 views 6816 3728 wangxin:注销
DEBUG 2014-12-04 14:00:27 views 6344 2736 AnonymousUser:注册成功
DEBUG 2014-12-04 14:11:36 views 6384 2684 wangxinyuan:注销
DEBUG 2014-12-04 14:12:03 views 6384 6408 AnonymousUser:注册成功
DEBUG 2014-12-04 14:16:34 views 6384 2292 caokefan: 发表评论 成功
DEBUG 2014-12-04 14:31:21 views 6120 6896 caokefan:注销
DEBUG 2014-12-04 14:32:15 views 6120 6456 AnonymousUser:注册成功
DEBUG 2014-12-04 14:54:36 views 6336 6612 AnonymousUser:注册成功
DEBUG 2014-12-04 15:00:00 views 5768 5476 wangliang:注销
DEBUG 2014-12-04 15:00:19 views 5768 5044 AnonymousUser:注册成功
DEBUG 2014-12-04 15:09:43 views 5768 6228 lisi:注销
DEBUG 2014-12-04 15:10:04 views 5768 6544 AnonymousUser:注册成功
DEBUG 2014-12-04 15:18:04 views 6336 6156 wangxin:注销
DEBUG 2014-12-04 15:18:24 views 6336 1764 AnonymousUser:注册成功
DEBUG 2014-12-04 15:19:37 views 5176 6608 zhangsan:注销
DEBUG 2014-12-04 15:19:53 views 5176 7028 AnonymousUser:注册成功
DEBUG 2014-12-04 15:19:56 views 5176 6164 lisi: 发送邮件成功
DEBUG 2014-12-04 15:30:32 views 5176 3988 lisi: 发表评论 成功
DEBUG 2014-12-04 15:31:23 views 5176 6228 lisi: 发表评论 成功
DEBUG 2014-12-04 15:56:09 views 5908 6764 AnonymousUser:注册成功
DEBUG 2014-12-04 15:56:14 views 5908 5388 wangxinzhang: 发送邮件成功
DEBUG 2014-12-04 16:02:06 views 2548 4820 wangxinzhang:注销
DEBUG 2014-12-04 16:02:34 views 2548 5224 AnonymousUser:注册成功
DEBUG 2014-12-04 16:02:39 views 2548 7164 wangxinyuan: 发送邮件成功
DEBUG 2014-12-04 16:03:22 views 2548 868 wangxinyuan:注销
DEBUG 2014-12-04 16:04:04 views 2548 2948 wangxin:注销
DEBUG 2014-12-04 16:04:30 views 2548 5784 AnonymousUser:注册成功
DEBUG 2014-12-04 16:04:33 views 2548 7164 wangxinyuan: 发送邮件成功
DEBUG 2014-12-04 16:05:39 views 2548 3580 wangxinyuan:注销
DEBUG 2014-12-04 16:06:00 views 2548 1720 AnonymousUser:注册成功
DEBUG 2014-12-04 16:19:21 views 2716 6640 AnonymousUser:注册成功
DEBUG 2014-12-04 16:20:51 views 6720 6988 wangxinyuan:注销
DEBUG 2014-12-04 16:21:14 views 6720 2384 AnonymousUser:注册成功
DEBUG 2014-12-04 16:30:09 views 5676 6764 wangxinzhang:注销
DEBUG 2014-12-04 16:30:38 views 5676 5824 wangxin:注销
DEBUG 2014-12-04 16:31:25 views 5676 868 AnonymousUser:注册成功
DEBUG 2014-12-04 17:08:02 views 3204 3112 wangxinyuan:注销
DEBUG 2014-12-04 17:08:29 views 3204 5532 AnonymousUser:注册成功
DEBUG 2014-12-04 17:08:43 utils 3204 4012 zhangsan: 发送邮件成功
DEBUG 2014-12-04 17:11:01 views 3204 6256 wangxin:注销
DEBUG 2014-12-04 17:11:34 views 3204 6960 wangxin:登陆成功
DEBUG 2014-12-04 17:18:59 views 3204 6692 wangxin: 发表评论 成功
DEBUG 2014-12-04 17:24:02 views 6632 5160 wangxin:注销
DEBUG 2014-12-04 17:24:37 views 6632 3956 AnonymousUser:注册成功
DEBUG 2014-12-04 17:24:44 utils 6632 5976 wangxiaodong: 发送邮件成功
DEBUG 2014-12-04 17:25:50 views 6632 5732 wangxiaodong:注销
DEBUG 2014-12-04 17:56:12 views 7164 2688 AnonymousUser:注册成功
DEBUG 2014-12-04 17:56:23 utils 7164 5400 zhangsan: 发送邮件成功
DEBUG 2014-12-04 17:58:46 views 7164 5528 wangxin:注销
DEBUG 2014-12-04 17:59:11 views 7164 6624 AnonymousUser:注册成功
DEBUG 2014-12-04 17:59:17 utils 7164 4268 zhangsan: 发送邮件成功
DEBUG 2014-12-04 17:59:57 utils 7164 6236 zhangsan: 发送邮件成功
DEBUG 2014-12-04 18:02:55 utils 7164 6228 zhangsan: 发送邮件成功
DEBUG 2014-12-04 18:04:39 views 7164 4012 zhangsan:注销
DEBUG 2014-12-04 18:04:47 views 7164 4604 wangxin:登陆成功
DEBUG 2014-12-04 18:04:50 views 7164 6428 wangxin: 添加文章 
DEBUG 2014-12-04 18:08:03 views 7164 5800 wangxin: 添加文章 
DEBUG 2014-12-04 18:08:18 views 7164 6744 wangxin: 添加文章 
DEBUG 2014-12-04 18:08:18 views 7164 6744 wangxin: 操作django学习之 发送邮件(转帖)  成功
DEBUG 2014-12-04 18:09:54 views 7164 6272 wangxin: 发表评论 成功
DEBUG 2014-12-04 18:18:09 views 7164 2852 wangxin: 添加文章 
DEBUG 2014-12-04 18:19:40 views 7164 6188 wangxin: 添加文章 
DEBUG 2014-12-04 18:19:40 views 7164 6188 wangxin: 操作邮箱协议学习之 POP3、SMTP、IMAP的含义与区别 成功
DEBUG 2014-12-04 18:20:21 views 7164 6824 wangxin: 发表评论 成功
DEBUG 2014-12-04 18:30:34 views 7164 2656 wangxin: 发表评论 成功
DEBUG 2014-12-04 18:32:56 views 7164 6980 wangxin: 发表评论 成功
DEBUG 2014-12-04 18:36:07 views 7164 5800 wangxin: 发表评论 成功
DEBUG 2014-12-04 18:40:33 views 7164 6500 wangxin: 发表评论 成功
DEBUG 2014-12-04 18:43:37 views 7164 4768 wangxin: 发表评论 成功
DEBUG 2014-12-04 18:43:50 views 7164 1312 wangxin: 添加文章 
DEBUG 2014-12-04 18:45:54 views 7164 6540 wangxin: 添加文章 
DEBUG 2014-12-04 18:45:55 views 7164 6540 wangxin: 操作django学习系列之 如何想用手机发送短信 成功
DEBUG 2014-12-04 18:46:08 views 7164 2040 wangxin: 修改文章
DEBUG 2014-12-04 18:46:17 views 7164 4820 wangxin: 修改文章
DEBUG 2014-12-04 18:46:17 views 7164 4820 wangxin: 操作django学习系列之 如何向用手机发送短信 成功
DEBUG 2014-12-04 18:46:22 views 7164 4956 wangxin: 修改文章
DEBUG 2014-12-04 18:46:39 views 7164 6412 wangxin: 修改文章
DEBUG 2014-12-04 18:46:40 views 7164 6412 wangxin: 操作django学习系列之 在Django中实现验证码(转帖) 成功
DEBUG 2014-12-04 18:46:43 views 7164 6700 wangxin: 修改文章
DEBUG 2014-12-04 18:47:11 views 7164 6276 wangxin: 修改文章
DEBUG 2014-12-04 18:47:11 views 7164 6276 wangxin: 操作django学习系列之view 篇(通过装饰器快速给django视图添加权限验证) 成功
DEBUG 2014-12-04 18:47:16 views 7164 6716 wangxin: 修改文章
DEBUG 2014-12-04 18:47:43 views 7164 7160 wangxin: 修改文章
DEBUG 2014-12-04 18:47:43 views 7164 7160 wangxin: 操作django学习系列之学习目录(转自 心内求法的博客) 成功
DEBUG 2014-12-04 18:47:49 views 7164 5796 wangxin: 修改文章
DEBUG 2014-12-04 18:48:21 views 7164 6684 wangxin: 修改文章
DEBUG 2014-12-04 18:48:21 views 7164 6684 wangxin: 操作mysql学习系列之 msql 随笔(转帖)  成功
DEBUG 2014-12-04 18:48:25 views 7164 7012 wangxin: 修改文章
DEBUG 2014-12-04 18:49:13 views 7164 6464 wangxin: 修改文章
DEBUG 2014-12-04 18:49:13 views 7164 6464 wangxin: 操作python学习系列之详解Python正则表达式之(?P<name>…)带命名的组 成功
DEBUG 2014-12-04 18:49:25 views 7164 6972 wangxin: 修改文章
DEBUG 2014-12-04 18:49:42 views 7164 4984 wangxin: 修改文章
DEBUG 2014-12-04 18:49:42 views 7164 4984 wangxin: 操作django学习系列之 django + Apache 搭建网站 成功
DEBUG 2014-12-04 18:49:52 views 7164 2324 wangxin: 修改文章
DEBUG 2014-12-04 18:50:08 views 7164 4228 wangxin: 修改文章
DEBUG 2014-12-04 18:50:16 views 7164 904 wangxin: 修改文章
DEBUG 2014-12-04 18:50:16 views 7164 904 wangxin: 操作数据结构学习系列之 Hash算法 --- 辨析 成功
DEBUG 2014-12-04 18:50:23 views 7164 4012 wangxin: 修改文章
DEBUG 2014-12-04 18:50:34 views 7164 6840 wangxin: 修改文章
DEBUG 2014-12-04 18:50:34 views 7164 6840 wangxin: 操作djang学习系列之  form的学习 成功
DEBUG 2014-12-04 18:50:40 views 7164 2432 wangxin: 修改文章
DEBUG 2014-12-04 18:50:58 views 7164 872 wangxin: 修改文章
DEBUG 2014-12-04 18:50:58 views 7164 872 wangxin: 操作django学习系列之 浅析django form(1) 成功
DEBUG 2014-12-04 18:51:04 views 7164 6648 wangxin: 修改文章
DEBUG 2014-12-04 18:51:14 views 7164 6892 wangxin: 修改文章
DEBUG 2014-12-04 18:51:14 views 7164 6892 wangxin: 操作django学习系列之 浅析django form(2) 成功
DEBUG 2014-12-04 18:51:22 views 7164 968 wangxin: 修改文章
DEBUG 2014-12-04 18:52:03 views 7164 3976 wangxin: 修改文章
DEBUG 2014-12-04 18:52:03 views 7164 3976 wangxin: 操作django学习系列之 如何将form中的user利用django自带的管理系统,保存在session中 成功
DEBUG 2014-12-04 18:52:13 views 7164 5184 wangxin: 修改文章
DEBUG 2014-12-04 18:52:23 views 7164 2844 wangxin: 修改文章
DEBUG 2014-12-04 18:52:23 views 7164 2844 wangxin: 操作django学习系列之 用户权限 成功
DEBUG 2014-12-04 18:52:32 views 7164 3792 wangxin: 修改文章
DEBUG 2014-12-04 18:52:40 views 7164 6996 wangxin: 修改文章
DEBUG 2014-12-04 18:52:40 views 7164 6996 wangxin: 操作django学习系列之 logging(日志）的配置与管理 成功
DEBUG 2014-12-04 18:52:54 views 7164 5816 wangxin: 修改文章
DEBUG 2014-12-04 18:53:15 views 7164 4540 wangxin: 修改文章
DEBUG 2014-12-04 18:53:16 views 7164 4540 wangxin: 操作python学习系列之 python的日志管理系统 成功
DEBUG 2014-12-04 18:53:26 views 7164 6980 wangxin: 修改文章
DEBUG 2014-12-04 18:53:48 views 7164 6424 wangxin: 修改文章
DEBUG 2014-12-04 18:53:48 views 7164 6424 wangxin: 操作django学习系列之 利用django-chartit 制作统计报表 成功
DEBUG 2014-12-04 18:54:05 views 7164 6368 wangxin: 修改文章
DEBUG 2014-12-04 18:54:21 views 7164 4924 wangxin: 修改文章
DEBUG 2014-12-04 18:54:21 views 7164 4924 wangxin: 操作django学习系列之 官方文档学习（发送邮件篇) 成功
DEBUG 2014-12-04 18:59:51 views 7164 6980 wangxin: 添加文章 
DEBUG 2014-12-04 19:00:53 views 7164 3036 wangxin: 添加文章 
DEBUG 2014-12-04 19:00:54 views 7164 3036 wangxin: 操作邮箱协议学习系列之  smtp协议的学习 成功
DEBUG 2014-12-04 19:24:58 views 7164 1812 wangxin: 发表评论 成功
DEBUG 2014-12-04 19:26:16 views 7164 5676 wangxin: 发表评论 成功
DEBUG 2014-12-04 19:38:29 views 7164 980 wangxin: 添加文章 
DEBUG 2014-12-04 19:39:31 views 7164 1244 wangxin: 添加文章 
DEBUG 2014-12-04 19:39:31 views 7164 1244 wangxin: 操作django学习系列之 signals 成功
DEBUG 2014-12-04 23:04:54 views 1548 3568 wangxin:注销
DEBUG 2014-12-04 23:05:43 views 1548 3144 AnonymousUser:注册成功
DEBUG 2014-12-04 23:05:55 utils 1548 5052 lisi: 发送邮件成功
DEBUG 2014-12-04 23:10:50 views 5804 204 AnonymousUser:注册成功
DEBUG 2014-12-04 23:10:59 utils 5804 1572 caokefan: 发送邮件成功
DEBUG 2014-12-04 23:12:02 views 4252 1376 caokefan:注销
DEBUG 2014-12-04 23:12:32 views 4252 2592 AnonymousUser:注册成功
DEBUG 2014-12-04 23:12:43 utils 4252 1520 maodanqing: 发送邮件成功
DEBUG 2014-12-04 23:15:01 views 4252 6120 AnonymousUser:注册成功
DEBUG 2014-12-04 23:15:05 utils 4252 652 maomao: 发送邮件成功
DEBUG 2014-12-04 23:19:03 views 5880 2524 maomao:注销
DEBUG 2014-12-04 23:19:25 views 5880 3372 AnonymousUser:注册成功
DEBUG 2014-12-04 23:19:33 utils 5880 2220 hehe: 发送邮件成功
DEBUG 2014-12-04 23:23:26 views 5952 5920 hehe:注销
DEBUG 2014-12-04 23:23:48 views 5952 1544 AnonymousUser:注册成功
DEBUG 2014-12-04 23:23:57 utils 5952 4256 doudou: 发送邮件成功
DEBUG 2014-12-04 23:25:53 views 5952 2424 wangxin:注销
DEBUG 2014-12-04 23:26:32 views 5952 2336 AnonymousUser:注册成功
DEBUG 2014-12-04 23:39:18 views 5952 2944 zhangsan:注销
DEBUG 2014-12-04 23:39:41 views 5952 1544 AnonymousUser:注册成功
DEBUG 2014-12-04 23:42:29 views 5144 5796 lisi:注销
DEBUG 2014-12-04 23:42:52 views 5144 5236 AnonymousUser:注册成功
DEBUG 2014-12-04 23:42:59 utils 5144 3324 wangwu: 发送邮件成功
DEBUG 2014-12-05 00:02:36 views 5236 1292 wangwu:注销
DEBUG 2014-12-05 00:03:08 views 5236 2008 AnonymousUser:注册成功
DEBUG 2014-12-05 00:03:15 utils 5236 4688 wangxinyuan: 发送邮件成功
DEBUG 2014-12-05 00:05:04 views 5236 2592 wangxin:注销
DEBUG 2014-12-05 00:05:35 views 5236 1520 AnonymousUser:注册成功
DEBUG 2014-12-05 00:05:39 utils 5236 1668 zhangsan: 发送邮件成功
DEBUG 2014-12-05 00:07:15 views 5236 5392 zhangsan:注销
DEBUG 2014-12-05 00:08:39 views 1776 1940 AnonymousUser:注册成功
DEBUG 2014-12-05 00:08:48 utils 1776 5432 lisi: 发送邮件成功
DEBUG 2014-12-05 00:10:29 views 1776 6044 lisi:注销
DEBUG 2014-12-05 00:10:54 views 1776 5524 AnonymousUser:注册成功
DEBUG 2014-12-05 00:10:59 utils 1776 2268 wangwu: 发送邮件成功
DEBUG 2014-12-05 00:13:18 views 1776 6076 wangwu:注销
DEBUG 2014-12-05 00:13:41 views 1776 4732 AnonymousUser:注册成功
DEBUG 2014-12-05 00:14:25 utils 1776 2352 liuliu: 发送邮件成功
DEBUG 2014-12-05 00:19:13 views 1776 4848 liuliu:注销
DEBUG 2014-12-05 00:19:38 views 1776 1396 AnonymousUser:注册成功
DEBUG 2014-12-05 00:19:42 utils 1776 5844 hehe: 发送邮件成功
DEBUG 2014-12-05 00:20:03 views 1776 4776 hehe:注销
DEBUG 2014-12-05 00:20:44 views 1776 5140 AnonymousUser:注册成功
DEBUG 2014-12-05 00:22:09 views 1776 5596 wangxin:注销
DEBUG 2014-12-05 00:22:43 views 1776 2508 AnonymousUser:注册成功
DEBUG 2014-12-05 00:52:48 views 1776 5644 zhangsan:注销
DEBUG 2014-12-05 00:52:55 views 1776 2452 wangxin:登陆成功
DEBUG 2014-12-05 00:52:58 views 1776 3636 wangxin: 添加文章 
DEBUG 2014-12-05 00:54:56 views 1776 3672 wangxin: 添加文章 
DEBUG 2014-12-05 00:54:56 views 1776 3672 wangxin: 操作django 学习系列之 djcelery入门:实现运行定时任务 成功
DEBUG 2014-12-05 00:55:23 views 1776 2424 wangxin: 修改文章
DEBUG 2014-12-05 00:55:52 views 1776 204 wangxin: 修改文章
DEBUG 2014-12-05 00:55:52 views 1776 204 wangxin: 操作日程记录--2014-12-03 成功
DEBUG 2014-12-05 00:56:00 views 1776 4688 wangxin: 修改文章
DEBUG 2014-12-05 00:56:11 views 1776 5796 wangxin: 修改文章
DEBUG 2014-12-05 00:56:11 views 1776 5796 wangxin: 操作日程记录---2014-12-04 成功
DEBUG 2014-12-05 00:56:21 views 1776 3568 wangxin: 修改文章
DEBUG 2014-12-05 00:56:29 views 1776 5524 wangxin: 修改文章
DEBUG 2014-12-05 00:56:29 views 1776 5524 wangxin: 操作日程记录---2014-12-03 成功
DEBUG 2014-12-05 01:18:24 views 1776 1736 wangxin: 添加文章 
DEBUG 2014-12-05 01:26:13 views 1776 4736 wangxin: 添加文章 
DEBUG 2014-12-05 01:26:13 views 1776 4736 wangxin: 操作日程记录---(2014-12-05) 成功
DEBUG 2014-12-05 01:27:53 views 1776 5312 wangxin: 发表评论 成功
DEBUG 2014-12-05 01:29:57 views 1776 5728 wangxin: 发表评论 成功
DEBUG 2014-12-05 09:59:46 views 4188 5364 AnonymousUser:注册成功
DEBUG 2014-12-05 09:59:55 utils 4188 6096 caokefan: 发送邮件成功
DEBUG 2014-12-05 10:01:43 views 4188 6100 wangxin:注销
DEBUG 2014-12-05 10:02:05 views 4188 6036 AnonymousUser:注册成功
DEBUG 2014-12-05 10:03:45 utils 4188 1920 zhangsan: 发送邮件成功
DEBUG 2014-12-05 10:04:25 views 4188 5208 zhangsan:注销
DEBUG 2014-12-05 10:04:54 views 4188 6040 AnonymousUser:注册成功
DEBUG 2014-12-05 10:04:58 utils 4188 1252 lisi: 发送邮件成功
DEBUG 2014-12-05 10:13:05 views 4188 6076 lisi:注销
DEBUG 2014-12-05 10:13:11 views 4188 3304 wangxin:登陆成功
DEBUG 2014-12-05 10:14:39 views 4188 6072 wangxin: 修改文章
DEBUG 2014-12-05 10:14:48 views 4188 2608 wangxin: 修改文章
DEBUG 2014-12-05 10:14:48 views 4188 2608 wangxin: 操作日程记录---2014-12-05 成功
DEBUG 2014-12-05 12:21:54 views 4356 3324 wangxin:找回密码
DEBUG 2014-12-05 12:23:24 views 5248 4928 wangxin:找回密码
DEBUG 2014-12-05 12:31:56 views 6068 3600 wangxin:找回密码
DEBUG 2014-12-05 12:36:42 views 1516 2380 wangxin:找回密码
DEBUG 2014-12-05 12:41:08 views 4252 5728 wangxin:找回密码
DEBUG 2014-12-05 12:44:47 views 2412 4604 wangxin:找回密码
DEBUG 2014-12-05 12:45:37 views 3008 5208 wangxin:找回密码
DEBUG 2014-12-05 12:46:07 views 1512 1544 wangxin:找回密码
DEBUG 2014-12-05 12:46:11 views 1512 2292 wangxin:找回密码
DEBUG 2014-12-05 12:46:42 views 1512 4680 wangxin:找回密码
DEBUG 2014-12-05 12:47:15 views 3008 2124 wangxin:找回密码
DEBUG 2014-12-05 12:59:54 views 3008 4552 wangxin:找回密码
DEBUG 2014-12-05 13:01:05 views 3008 4192 wangxin:找回密码
DEBUG 2014-12-05 13:02:07 views 6044 1956 wangxin:找回密码
DEBUG 2014-12-05 13:02:26 views 6044 6052 wangxin:找回密码
DEBUG 2014-12-05 13:02:35 views 6044 5036 wangxin:找回密码
DEBUG 2014-12-05 13:02:35 views 6044 5036 wangxin,找回密码失败，召回问题回答错误
DEBUG 2014-12-05 13:05:08 views 5032 4704 wangxin:找回密码
DEBUG 2014-12-05 13:05:08 views 5032 4704 wangxin,找回密码失败，找回问题回答错误
DEBUG 2014-12-05 13:06:50 views 5500 3872 wangxin:找回密码
DEBUG 2014-12-05 13:06:50 views 5500 3872 wangxin,找回密码失败，找回问题回答错误
DEBUG 2014-12-05 13:07:32 views 5500 6032 wangxin:找回密码
DEBUG 2014-12-05 13:07:59 views 5500 5224 wangxin:找回密码
DEBUG 2014-12-05 13:07:59 views 5500 5224 wangxin,找回密码失败，找回问题回答错误
DEBUG 2014-12-05 13:08:11 views 5500 5380 wangxin:注销
DEBUG 2014-12-05 13:09:14 views 5500 5780 AnonymousUser:找回密码
DEBUG 2014-12-05 13:09:23 views 5500 1132 AnonymousUser:找回密码
DEBUG 2014-12-05 13:09:39 views 5500 952 AnonymousUser:找回密码
DEBUG 2014-12-05 13:09:39 views 5500 952 AnonymousUser,找回密码失败，找回问题回答错误
DEBUG 2014-12-05 13:11:17 views 2816 5036 AnonymousUser:找回密码
DEBUG 2014-12-05 13:11:34 views 2816 2796 AnonymousUser:找回密码
DEBUG 2014-12-05 13:11:34 views 2816 2796 AnonymousUser,找回密码失败，找回问题回答错误
DEBUG 2014-12-05 13:13:12 views 2136 5380 AnonymousUser:找回密码
DEBUG 2014-12-05 13:13:26 views 2136 6016 AnonymousUser:找回密码
DEBUG 2014-12-05 13:13:26 views 2136 6016 AnonymousUser,找回密码成功 
DEBUG 2014-12-05 13:15:59 views 2136 5708 wangxin:登陆成功
DEBUG 2014-12-05 13:28:03 views 952 1300 wangxin:注销
DEBUG 2014-12-05 13:28:12 views 952 2280 AnonymousUser:找回密码启动
DEBUG 2014-12-05 13:28:33 views 952 5072 AnonymousUser:找回密码启动
DEBUG 2014-12-05 13:28:33 views 952 5072 AnonymousUser,找回密码成功 
DEBUG 2014-12-05 13:31:07 views 952 4216 AnonymousUser:注册成功
DEBUG 2014-12-05 13:33:46 views 5820 3976 wangxinyuan:注销
DEBUG 2014-12-05 13:33:55 views 5820 5540 AnonymousUser:找回密码启动
DEBUG 2014-12-05 13:33:56 views 5820 4192 AnonymousUser:找回密码启动
DEBUG 2014-12-05 13:34:14 views 5820 6140 AnonymousUser:找回密码启动
DEBUG 2014-12-05 13:34:14 views 5820 6140 AnonymousUser,发送邮件失败
DEBUG 2014-12-05 13:35:31 views 2124 1072 AnonymousUser:找回密码启动
DEBUG 2014-12-05 13:35:49 views 2124 5032 AnonymousUser:找回密码启动
DEBUG 2014-12-05 13:35:53 views 2124 5032 AnonymousUser,找回密码成功 
DEBUG 2014-12-05 13:44:23 views 2292 5516 AnonymousUser:找回密码启动
DEBUG 2014-12-05 13:44:42 views 2292 5596 AnonymousUser:找回密码启动
DEBUG 2014-12-05 13:44:44 views 2292 5596 AnonymousUser,找回密码成功 
DEBUG 2014-12-05 13:45:12 views 2292 5864 wangxin:登陆成功
DEBUG 2014-12-05 13:46:07 views 1252 6084 wangxin:注销
DEBUG 2014-12-05 13:46:46 views 1252 4916 AnonymousUser:注册成功
DEBUG 2014-12-05 13:47:32 views 1252 5188 zhangsan:注销
DEBUG 2014-12-05 13:47:44 views 1252 5840 AnonymousUser:找回密码启动
DEBUG 2014-12-05 13:47:47 views 1252 1672 AnonymousUser:找回密码启动
DEBUG 2014-12-05 13:48:18 views 1252 5124 AnonymousUser:找回密码启动
DEBUG 2014-12-05 13:48:21 views 1252 5124 AnonymousUser,找回密码成功 
DEBUG 2014-12-05 13:48:53 views 1252 1612 wangxin:登陆成功
DEBUG 2014-12-05 14:08:10 views 5280 1512 wangxin:注销
DEBUG 2014-12-05 14:08:37 views 5280 5740 AnonymousUser:注册成功
DEBUG 2014-12-05 14:08:55 views 5280 5116 wangxinyuan:注销
DEBUG 2014-12-05 14:09:12 views 5280 5800 AnonymousUser:找回密码启动
DEBUG 2014-12-05 14:09:35 views 5280 5548 AnonymousUser:找回密码启动
DEBUG 2014-12-05 14:09:35 views 5280 5548 AnonymousUser,找回密码失败，找回问题回答错误
DEBUG 2014-12-05 14:09:42 views 5280 5644 AnonymousUser:找回密码启动
DEBUG 2014-12-05 14:09:44 views 5280 5644 AnonymousUser,找回密码成功 
DEBUG 2014-12-05 14:14:42 views 5568 4876 wangxin:注销
DEBUG 2014-12-05 14:15:53 views 5104 1416 AnonymousUser:找回密码启动
DEBUG 2014-12-05 14:16:51 views 5104 1300 AnonymousUser:找回密码启动
DEBUG 2014-12-05 14:17:02 views 4972 6076 AnonymousUser:找回密码启动
DEBUG 2014-12-05 14:17:12 views 4972 5568 AnonymousUser:找回密码启动
DEBUG 2014-12-05 14:17:28 views 4972 4004 AnonymousUser:找回密码启动
DEBUG 2014-12-05 14:17:30 views 4972 4004 AnonymousUser,找回密码成功 
DEBUG 2014-12-05 14:24:44 views 2148 5156 AnonymousUser: 没有登录，不能发表评论
DEBUG 2014-12-05 14:24:53 views 2148 5024 wangxin:登陆成功
DEBUG 2014-12-05 14:25:05 views 2148 5452 wangxin: 发表评论 成功
DEBUG 2014-12-05 14:26:07 views 2148 1112 wangxin: 添加文章 
DEBUG 2014-12-05 14:28:27 views 2148 5752 wangxin: 添加文章 
DEBUG 2014-12-05 14:28:27 views 2148 5752 wangxin: 操作django学习系列之 如何对用户密码进行加密以及解密 成功
DEBUG 2014-12-05 14:57:56 views 2148 6572 wangxin: 修改文章
DEBUG 2014-12-05 14:58:10 views 2148 204 wangxin: 修改文章
DEBUG 2014-12-05 14:58:10 views 2148 204 wangxin: 操作django学习系列之 如何对用户密码进行加密以及解密 成功
DEBUG 2014-12-05 14:59:44 views 2148 7028 wangxin:登陆成功
DEBUG 2014-12-05 15:16:56 views 2148 3764 wangxin: 修改文章
DEBUG 2014-12-05 15:17:27 views 2148 6140 wangxin: 修改文章
DEBUG 2014-12-05 15:17:27 views 2148 6140 wangxin: 操作django学习系列之 如何对用户密码进行加密以及解密 成功
DEBUG 2014-12-05 15:18:31 views 2148 4256 wangxin: 发表评论 成功
DEBUG 2014-12-05 15:32:35 views 2148 6436 wangxin: 发表评论 成功
DEBUG 2014-12-05 15:36:36 views 2148 2272 wangxin: 发表评论 成功
DEBUG 2014-12-05 15:37:01 views 2148 6800 wangxin: 发表评论 成功
DEBUG 2014-12-05 15:46:54 views 2148 1060 wangxin: 发表评论 成功
DEBUG 2014-12-05 16:26:49 views 7068 6212 AnonymousUser:登陆失败:用户名或密码输入错误，请重新输入
DEBUG 2014-12-05 16:27:05 views 7068 3460 AnonymousUser:登陆失败:用户名或密码输入错误，请重新输入
DEBUG 2014-12-05 16:27:16 views 7068 6520 AnonymousUser:登陆失败:用户名或密码输入错误，请重新输入
DEBUG 2014-12-05 16:27:32 views 7068 6592 AnonymousUser:登陆失败:用户名或密码输入错误，请重新输入
DEBUG 2014-12-05 16:27:48 views 7068 5772 AnonymousUser:登陆失败:用户名或密码输入错误，请重新输入
DEBUG 2014-12-05 16:27:55 views 7068 4664 AnonymousUser:登陆失败:用户名或密码输入错误，请重新输入
DEBUG 2014-12-05 16:28:16 views 7068 6228 AnonymousUser:登陆失败:用户名或密码输入错误，请重新输入
DEBUG 2014-12-05 16:28:22 views 7068 7000 AnonymousUser:登陆失败:用户名或密码输入错误，请重新输入
DEBUG 2014-12-05 16:28:38 views 7068 6552 AnonymousUser:登陆失败:用户名或密码输入错误，请重新输入
DEBUG 2014-12-05 16:29:00 views 7068 4960 zhangyiwu:登陆成功
DEBUG 2014-12-05 16:30:42 views 7068 6592 zhangyiwu:注销
DEBUG 2014-12-05 16:30:56 views 7068 5440 wangxinzhang:登陆成功
DEBUG 2014-12-05 16:32:35 views 7068 4256 wangxinzhang:注销
DEBUG 2014-12-05 16:32:45 views 7068 6436 wangxin:登陆成功
DEBUG 2014-12-05 16:33:19 views 7068 6792 wangxin:注销
DEBUG 2014-12-05 16:33:33 views 7068 5552 AnonymousUser:登陆失败:用户名或密码输入错误，请重新输入
DEBUG 2014-12-05 16:33:40 views 7068 5128 AnonymousUser:登陆失败:用户名或密码输入错误，请重新输入
DEBUG 2014-12-05 16:48:09 views 2292 1300 zhangyiwu:登陆成功
DEBUG 2014-12-05 16:48:13 views 2292 676 zhangyiwu:修改密码
DEBUG 2014-12-05 16:48:32 views 2292 7104 zhangyiwu:修改密码成功
DEBUG 2014-12-05 16:48:36 views 2292 5476 zhangyiwu:注销
DEBUG 2014-12-05 16:48:49 views 2292 4732 AnonymousUser:登陆失败:用户名或密码输入错误，请重新输入
DEBUG 2014-12-05 16:49:00 views 2292 6744 AnonymousUser:登陆失败:用户名或密码输入错误，请重新输入
DEBUG 2014-12-05 16:51:07 views 2292 6172 wangxinzhang:登陆成功
DEBUG 2014-12-05 16:52:38 views 6324 6272 wangxinzhang:注销
DEBUG 2014-12-05 16:52:58 views 6324 6464 zhangyiwu:登陆成功
DEBUG 2014-12-05 16:53:02 views 6324 6188 zhangyiwu:修改密码
DEBUG 2014-12-05 16:53:17 views 6324 1540 zhangyiwu:修改密码成功
DEBUG 2014-12-05 16:54:07 views 6324 6116 zhangyiwu:注销
DEBUG 2014-12-05 16:54:20 views 6324 3600 AnonymousUser:登陆失败:用户名或密码输入错误，请重新输入
DEBUG 2014-12-05 17:25:07 views 6940 1512 wangxin:登陆成功
DEBUG 2014-12-05 17:31:10 views 5648 2668 wangxin:登陆成功
DEBUG 2014-12-05 17:38:49 views 6220 5752 wangxin: 添加文章 
DEBUG 2014-12-05 17:39:04 views 6220 6384 wangxin:注销
DEBUG 2014-12-05 17:39:16 views 6220 5004 wangxin:登陆成功
DEBUG 2014-12-05 17:39:42 views 6220 2840 wangxin:注销
DEBUG 2014-12-05 17:39:55 views 6220 6568 wangxin:登陆成功
DEBUG 2014-12-05 17:54:46 views 5400 6404 wangxin:注销
DEBUG 2014-12-05 17:57:50 views 5400 5172 AnonymousUser:注册成功
DEBUG 2014-12-05 17:58:58 views 5400 4896 zhangsan:注销
DEBUG 2014-12-05 17:59:11 views 5400 6656 zhangsan:登陆成功
DEBUG 2014-12-05 17:59:14 views 5400 1364 zhangsan:注销
DEBUG 2014-12-05 17:59:18 views 5400 6672 AnonymousUser:找回密码启动
DEBUG 2014-12-05 17:59:47 views 5400 6932 AnonymousUser:找回密码启动
DEBUG 2014-12-05 17:59:48 views 5400 6932 AnonymousUser,找回密码成功 
DEBUG 2014-12-05 18:01:00 views 5400 5376 zhangsan:登陆成功
DEBUG 2014-12-05 18:01:22 views 5400 2192 zhangsan:注销
DEBUG 2014-12-05 18:01:39 views 5400 6952 zhangsan:登陆成功
DEBUG 2014-12-05 18:02:09 views 5400 6392 zhangsan:注销
DEBUG 2014-12-05 18:02:14 views 5400 6356 wangxin:登陆成功
DEBUG 2014-12-05 18:08:41 views 5400 6308 wangxin: 发表评论 成功
DEBUG 2014-12-05 18:13:37 views 5400 6540 wangxin: 发表评论 成功
DEBUG 2014-12-05 18:17:19 views 5400 6276 wangxin: 发表评论 成功
DEBUG 2014-12-05 19:04:11 views 5400 6348 wangxin:注销
DEBUG 2014-12-05 19:04:24 views 5400 7072 zhangsan:登陆成功
DEBUG 2014-12-05 19:14:38 views 5400 916 zhangsan:注销
DEBUG 2014-12-05 19:14:44 views 5400 5072 wangxin:登陆成功
DEBUG 2014-12-05 19:14:50 views 5400 6028 wangxin: 修改文章
DEBUG 2014-12-05 19:15:08 views 5400 6208 wangxin: 修改文章
DEBUG 2014-12-05 19:15:08 views 5400 6208 wangxin: 操作日程记录---2014-12-03 成功
DEBUG 2014-12-05 19:15:17 views 5400 6932 wangxin: 修改文章
DEBUG 2014-12-05 19:15:28 views 5400 6604 wangxin: 修改文章
DEBUG 2014-12-05 19:15:28 views 5400 6604 wangxin: 操作日程记录---2014-12-04 成功
DEBUG 2014-12-05 19:15:34 views 5400 2124 wangxin: 修改文章
DEBUG 2014-12-05 19:15:41 views 5400 6984 wangxin: 修改文章
DEBUG 2014-12-05 19:15:41 views 5400 6984 wangxin: 操作日程记录---2014-12-05 成功
DEBUG 2014-12-05 19:43:23 views 5400 6240 wangxin: 发表评论 成功
DEBUG 2014-12-05 19:47:44 views 5400 3304 wangxin:注销
DEBUG 2014-12-09 09:47:00 views 4056 3580 wangxin: 添加文章 
DEBUG 2014-12-09 09:56:55 views 988 1200 wangxin: 修改文章
DEBUG 2014-12-09 09:57:26 views 988 6392 wangxin: 修改文章
DEBUG 2014-12-09 09:57:26 views 988 6392 wangxin: 操作git学习系列之 版本回退 成功
DEBUG 2014-12-09 10:48:04 views 988 5364 wangxin: 添加文章 
DEBUG 2014-12-09 10:50:55 views 988 6268 wangxin: 添加文章 
DEBUG 2014-12-09 10:50:55 views 988 6268 wangxin: 操作git学习系列之 如何删除远程分支(master分支) 成功
DEBUG 2014-12-09 10:52:04 views 988 3056 wangxin: 发表评论 成功
DEBUG 2014-12-09 10:52:38 views 988 5920 wangxin: 发表评论 成功
DEBUG 2014-12-09 10:55:06 views 988 1376 wangxin: 发表评论 成功
DEBUG 2014-12-09 10:57:52 views 988 6372 wangxin: 发表评论 成功
DEBUG 2014-12-09 11:14:35 views 1412 5136 wangxin: 修改文章
DEBUG 2014-12-09 11:18:55 views 3904 5416 wangxin: 修改文章
DEBUG 2014-12-09 11:21:24 views 6184 6516 wangxin: 修改文章
DEBUG 2014-12-09 11:30:05 views 6184 2720 wangxin: 添加文章 
DEBUG 2014-12-09 11:35:45 views 6184 988 wangxin:注销
DEBUG 2014-12-09 11:49:01 views 5840 5876 AnonymousUser:找回密码启动
DEBUG 2014-12-09 11:53:12 views 4648 6452 wangxin:登陆成功
DEBUG 2014-12-09 11:53:16 views 4648 6200 wangxin: 添加文章 
DEBUG 2014-12-09 11:53:24 views 4648 5504 wangxin:注销
DEBUG 2014-12-09 12:01:11 views 5868 3352 AnonymousUser:注册成功
DEBUG 2014-12-09 12:02:58 views 5868 6504 lisi:注销
DEBUG 2014-12-09 12:03:14 views 5868 6008 wangxin:登陆成功
DEBUG 2014-12-09 12:03:35 views 5868 7132 wangxin:注销
DEBUG 2014-12-09 12:03:44 views 5868 6072 wangxin:登陆成功
DEBUG 2014-12-09 12:03:58 views 5868 3288 wangxin: 添加文章 
DEBUG 2014-12-09 12:07:26 views 5868 6292 wangxin: 添加文章 
DEBUG 2014-12-09 12:07:26 views 5868 6292 wangxin: 操作日程记录---2014-12-09成功
DEBUG 2014-12-09 12:14:36 views 5868 7020 wangxin: 发表评论 成功
DEBUG 2014-12-09 12:18:02 views 5868 6980 wangxin: 发表评论 成功
DEBUG 2014-12-09 12:18:57 views 5868 3284 wangxin: 修改文章
DEBUG 2014-12-09 12:20:18 views 5868 6812 wangxin: 修改文章
DEBUG 2014-12-09 12:20:18 views 5868 6812 wangxin: 操作日程记录---2014-12-09成功
DEBUG 2014-12-09 14:12:39 views 6040 1592 wangxin: 发表评论 成功
DEBUG 2014-12-09 19:09:47 views 4440 5272 wangxin: 修改文章
DEBUG 2014-12-09 19:10:00 views 4440 5960 wangxin: 修改文章
DEBUG 2014-12-09 19:10:00 views 4440 5960 wangxin: 操作django学习系列之 在Django中实现验证码(转帖)成功
DEBUG 2014-12-09 19:21:34 views 912 1948 wangxin:注销
DEBUG 2014-12-09 19:23:47 views 2064 5780 AnonymousUser:登陆失败:用户名或密码输入错误，请重新输入
DEBUG 2014-12-09 19:23:59 views 2064 5192 wangxin:登陆成功
DEBUG 2014-12-09 19:28:55 views 1576 2032 wangxin:注销
DEBUG 2014-12-09 19:29:05 views 1576 5732 wangxin:登陆成功
DEBUG 2014-12-09 19:30:38 views 1576 1500 wangxin:注销
DEBUG 2014-12-09 19:30:57 views 1576 5996 AnonymousUser:登陆失败:用户名或密码输入错误，请重新输入
DEBUG 2014-12-09 19:31:05 views 1576 5536 AnonymousUser:登陆失败:用户名或密码输入错误，请重新输入
DEBUG 2014-12-09 19:31:14 views 1576 5220 zhangsan:登陆成功
DEBUG 2014-12-09 19:32:47 views 1576 1996 zhangsan:注销
DEBUG 2014-12-09 19:32:59 views 1576 3892 AnonymousUser:登陆失败:用户名或密码输入错误，请重新输入
DEBUG 2014-12-09 19:33:05 views 1576 5680 AnonymousUser:登陆失败:用户名或密码输入错误，请重新输入
DEBUG 2014-12-09 19:33:16 views 1576 1552 AnonymousUser:登陆失败:用户名或密码输入错误，请重新输入
DEBUG 2014-12-09 19:33:31 views 1576 5768 wangxin:登陆成功
DEBUG 2014-12-09 20:20:03 views 3696 3952 wangxin: 发表评论 成功
DEBUG 2014-12-11 09:45:51 views 2264 3744 wangxin: 添加文章 
DEBUG 2014-12-11 09:50:17 views 2264 5592 wangxin: 添加文章 
DEBUG 2014-12-11 09:50:33 views 2264 2184 wangxin: 添加文章 
DEBUG 2014-12-11 09:50:36 views 2264 2184 wangxin: 操作日程记录---2014-12-11成功
DEBUG 2014-12-11 09:51:46 views 2264 6136 wangxin: 发表评论 成功
DEBUG 2014-12-11 11:57:10 views 2764 5492 wangxin: 添加文章 
DEBUG 2014-12-11 11:58:31 views 2764 5136 wangxin: 添加文章 
DEBUG 2014-12-11 11:58:31 views 2764 5136 wangxin: 操作django学习系列之 Django中如何使用django-celery完成异步任务成功
DEBUG 2014-12-11 12:00:39 views 2764 4488 wangxin: 发表评论 成功
DEBUG 2014-12-11 22:45:07 views 5508 5800 AnonymousUser:登陆失败:用户名或密码输入错误，请重新输入
DEBUG 2014-12-11 22:45:18 views 5508 5256 wangxin:登陆成功
DEBUG 2014-12-14 15:26:52 views 6752 2872 AnonymousUser:登陆失败:用户名或密码输入错误，请重新输入
DEBUG 2014-12-14 15:27:01 views 6752 6064 wangxin:登陆成功
DEBUG 2014-12-14 15:27:04 views 6752 6184 wangxin: 添加文章 
DEBUG 2014-12-14 15:29:28 views 6752 6904 wangxin: 添加文章 
DEBUG 2014-12-14 15:29:28 views 6752 6904 wangxin: 操作django学习系列之 动态查询,动态增加filter字段成功
DEBUG 2014-12-14 15:31:36 views 6752 6352 wangxin: 发表评论 成功
DEBUG 2014-12-14 15:32:43 views 6752 5664 wangxin: 发表评论 成功
DEBUG 2014-12-14 15:36:24 views 6752 6552 wangxin: 发表评论 成功
DEBUG 2014-12-14 15:37:34 views 6752 1880 wangxin: 发表评论 成功
DEBUG 2014-12-14 15:37:45 views 6752 7084 wangxin: 添加文章 
DEBUG 2014-12-14 15:41:15 views 6752 6324 wangxin: 添加文章 
DEBUG 2014-12-14 15:42:47 views 6752 6592 wangxin: 添加文章 
DEBUG 2014-12-14 15:42:47 views 6752 6592 wangxin: 操作django学习系列之 页面多Form的操作成功
DEBUG 2014-12-14 15:43:54 views 6752 6632 wangxin: 发表评论 成功
DEBUG 2014-12-14 15:53:29 views 6752 2316 wangxin: 发表评论 成功
DEBUG 2014-12-14 15:53:51 views 6752 1228 wangxin: 添加文章 
DEBUG 2014-12-14 15:54:57 views 6752 1608 wangxin: 添加文章 
DEBUG 2014-12-14 15:54:57 views 6752 1608 wangxin: 操作jquery学习系列之 表单中的readonly与disable的区别成功
DEBUG 2014-12-14 15:56:10 views 6752 3864 wangxin: 发表评论 成功
DEBUG 2014-12-14 16:00:39 views 6752 3076 wangxin: 发表评论 成功
DEBUG 2014-12-15 23:39:35 views 2896 7124 AnonymousUser:登陆失败:用户名或密码输入错误，请重新输入
DEBUG 2014-12-15 23:39:42 views 2896 6748 wangxin:登陆成功
DEBUG 2014-12-15 23:39:46 views 2896 3376 wangxin: 添加文章 
DEBUG 2014-12-15 23:46:11 views 2896 308 wangxin: 添加文章 
DEBUG 2014-12-15 23:47:03 views 2896 6876 wangxin: 添加文章 
DEBUG 2014-12-15 23:47:03 views 2896 6876 wangxin: 操作django学习系列之 日历控件学习成功
DEBUG 2014-12-16 15:50:22 views 1340 6036 AnonymousUser:登陆失败:用户名或密码输入错误，请重新输入
DEBUG 2014-12-16 15:50:29 views 1340 4940 wangxin:登陆成功
DEBUG 2014-12-16 15:50:32 views 1340 4656 wangxin: 添加文章 
DEBUG 2014-12-16 15:57:56 views 1340 6620 wangxin: 添加文章 
DEBUG 2014-12-16 15:58:25 views 1340 5300 wangxin: 添加文章 
DEBUG 2014-12-16 15:58:25 views 1340 5300 wangxin: 操作django学习系列之 template学习成功
DEBUG 2014-12-16 15:58:46 views 1340 2468 wangxin: 修改文章
DEBUG 2014-12-16 15:59:20 views 1340 6868 wangxin: 修改文章
DEBUG 2014-12-16 15:59:21 views 1340 6868 wangxin: 操作django学习系列之 如何在template中截取字符串成功
DEBUG 2014-12-16 22:54:41 views 5236 4272 wangxin:登陆成功
DEBUG 2014-12-16 22:54:48 views 5236 4280 wangxin: 添加文章 
DEBUG 2014-12-16 22:56:50 views 5236 3648 wangxin: 添加文章 
DEBUG 2014-12-16 22:57:03 views 5236 3068 wangxin: 添加文章 
DEBUG 2014-12-16 22:57:04 views 5236 3068 wangxin: 操作mysql学习系列之 SQL到NOSQL的思维转变成功
DEBUG 2014-12-16 23:03:11 views 5236 3076 wangxin: 添加文章 
DEBUG 2014-12-16 23:05:31 views 5236 3488 wangxin: 添加文章 
DEBUG 2014-12-16 23:05:31 views 5236 3488 wangxin: 操作python core学习系列之 python爬虫(爬取新闻联播关键字)成功
DEBUG 2014-12-16 23:37:29 views 5236 6624 wangxin: 添加文章 
DEBUG 2014-12-16 23:39:09 views 5236 3480 wangxin: 添加文章 
DEBUG 2014-12-16 23:39:09 views 5236 3480 wangxin: 操作什么是脚本语言成功
DEBUG 2014-12-16 23:39:42 views 5236 2224 wangxin: 修改文章
DEBUG 2014-12-16 23:40:48 views 5236 6568 wangxin: 修改文章
DEBUG 2014-12-16 23:40:48 views 5236 6568 wangxin: 操作什么是脚本语言成功
DEBUG 2014-12-16 23:41:36 views 5236 2324 wangxin: 发表评论 成功
DEBUG 2014-12-16 23:45:30 views 5236 1008 wangxin: 发表评论 成功
DEBUG 2014-12-17 15:29:22 views 13128 11088 wangxin:登陆成功
DEBUG 2014-12-17 15:29:25 views 13128 8672 wangxin: 添加文章 
DEBUG 2014-12-17 15:58:41 views 13128 11256 wangxin: 添加文章 
DEBUG 2014-12-17 15:58:59 views 13128 9696 wangxin: 添加文章 
DEBUG 2014-12-17 15:58:59 views 13128 9696 wangxin: 操作jquery学习系列之 ajax提交Form表单成功
DEBUG 2014-12-17 15:59:31 views 13128 10436 wangxin: 修改文章
DEBUG 2014-12-17 16:00:23 views 13128 7736 wangxin: 修改文章
DEBUG 2014-12-17 16:00:24 views 13128 7736 wangxin: 操作jquery学习系列之 ajax提交Form表单成功
DEBUG 2014-12-17 16:27:11 views 13128 1232 wangxin: 添加文章 
DEBUG 2014-12-17 16:27:59 views 13128 11364 wangxin: 添加文章 
DEBUG 2014-12-17 16:27:59 views 13128 11364 wangxin: 操作jquery学习系列之 popover 插件学习成功
DEBUG 2014-12-17 21:35:01 views 4364 3308 AnonymousUser:登陆失败:用户名或密码输入错误，请重新输入
DEBUG 2014-12-17 21:35:11 views 4364 5760 wangxin:登陆成功
DEBUG 2014-12-17 21:35:15 views 4364 5984 wangxin: 添加文章 
DEBUG 2014-12-17 21:42:01 views 4364 6052 wangxin: 添加文章 
DEBUG 2014-12-17 21:42:01 views 4364 6052 wangxin: 操作jquery学习系列之 jquery popover插件学习成功
DEBUG 2014-12-17 21:42:34 views 4364 3604 wangxin: 修改文章
DEBUG 2014-12-17 21:42:48 views 4364 4848 wangxin: 修改文章
DEBUG 2014-12-17 21:42:48 views 4364 4848 wangxin: 操作jquery学习系列之 插件学习成功
DEBUG 2014-12-17 21:42:56 views 4364 108 wangxin: 修改文章
DEBUG 2014-12-17 21:43:01 views 4364 4840 wangxin: 修改文章
DEBUG 2014-12-17 21:43:02 views 4364 4840 wangxin: 操作jquery学习系列之 jquery popover插件学习成功
DEBUG 2014-12-17 21:50:02 views 4364 4276 wangxin: 发表评论 成功
DEBUG 2014-12-17 21:52:52 views 4364 2240 wangxin: 发表评论 成功
DEBUG 2014-12-17 22:00:06 views 4364 1236 wangxin: 发表评论 成功
DEBUG 2014-12-17 22:07:45 views 4364 6004 wangxin: 发表评论 成功
DEBUG 2014-12-17 22:09:18 views 4364 3080 wangxin: 发表评论 成功
DEBUG 2014-12-17 22:33:15 views 4364 4536 wangxin:登陆失败:用户名或密码输入错误，请重新输入
DEBUG 2014-12-17 22:33:31 views 4364 5832 wangxin: 添加文章 
DEBUG 2014-12-17 22:35:06 views 4364 3128 wangxin: 添加文章 
DEBUG 2014-12-17 22:35:07 views 4364 3128 wangxin: 操作django学习系列之 实例详解Django的 select_related 和 prefetch_related 函数对 QuerySet 查询的优化（一）成功
DEBUG 2014-12-17 22:35:24 views 4364 1528 wangxin: 添加文章 
DEBUG 2014-12-17 22:36:52 views 4364 6064 wangxin: 添加文章 
DEBUG 2014-12-17 22:36:53 views 4364 6064 wangxin: 操作django学习系列之 实例详解Django的 select_related 和 prefetch_related 函数对 QuerySet 查询的优化（二）成功
DEBUG 2014-12-17 22:36:57 views 4364 6444 wangxin: 添加文章 
DEBUG 2014-12-17 22:38:16 views 4364 5564 wangxin: 添加文章 
DEBUG 2014-12-17 22:38:16 views 4364 5564 wangxin: 操作django学习系列之 实例详解Django的 select_related 和 prefetch_related 函数对 QuerySet 查询的优化（三）成功
DEBUG 2014-12-17 22:49:01 views 4364 5976 wangxin: 添加文章 
DEBUG 2014-12-17 22:50:13 views 4364 4692 wangxin: 添加文章 
DEBUG 2014-12-17 22:50:14 views 4364 4692 wangxin: 操作django学习系列之 使用Django从数据库中随机取N条记录的不同方法及其性能实测成功
DEBUG 2014-12-17 22:51:46 views 4364 3292 wangxin: 添加文章 
DEBUG 2014-12-17 22:52:43 views 4364 5844 wangxin: 添加文章 
DEBUG 2014-12-17 22:52:43 views 4364 5844 wangxin: 操作django学习系列之 高性能 Web 开发：减少数据库往返成功
DEBUG 2014-12-17 22:52:48 views 4364 1580 wangxin: 添加文章 
DEBUG 2014-12-17 22:54:09 views 4364 3704 wangxin: 添加文章 
DEBUG 2014-12-17 22:54:09 views 4364 3704 wangxin: 操作django学习系列之 基于Django的Disqus如何支持每月80亿PV成功
DEBUG 2014-12-17 22:54:13 views 4364 6896 wangxin: 添加文章 
DEBUG 2014-12-17 22:55:48 views 4364 4352 wangxin: 添加文章 
DEBUG 2014-12-17 22:55:48 views 4364 4352 wangxin: 操作python学习系列之 Python中的生产者消费者问题成功
DEBUG 2014-12-17 22:56:50 views 4364 6264 wangxin: 添加文章 
DEBUG 2014-12-17 22:57:49 views 4364 6640 wangxin: 添加文章 
DEBUG 2014-12-17 22:57:49 views 4364 6640 wangxin: 操作python core学习系列之 理解python中的线程成功
DEBUG 2014-12-17 22:57:52 views 4364 3092 wangxin: 添加文章 
DEBUG 2014-12-17 22:59:03 views 4364 6588 wangxin: 添加文章 
DEBUG 2014-12-17 22:59:03 views 4364 6588 wangxin: 操作python core学习系列之  yield解析成功
DEBUG 2014-12-18 09:26:09 views 4340 4924 wangxin: 添加文章 
DEBUG 2014-12-18 09:29:01 views 4340 4192 wangxin: 添加文章 
DEBUG 2014-12-18 09:29:01 views 4340 4192 wangxin: 操作python core学习系列之 Python 的中文编码处理成功
DEBUG 2014-12-18 09:40:50 views 4340 2896 wangxin: 发表评论 成功
DEBUG 2014-12-18 09:43:13 views 4340 4224 wangxin: 发表评论 成功
DEBUG 2014-12-18 11:38:42 views 4340 6188 wangxin:注销
DEBUG 2014-12-18 18:21:37 views 5904 1980 wangxin:登陆成功
DEBUG 2014-12-18 18:21:40 views 5904 6332 wangxin: 添加文章 
DEBUG 2014-12-18 18:35:43 views 5904 4164 wangxin: 添加文章 
DEBUG 2014-12-18 18:36:29 views 5904 4900 wangxin: 添加文章 
DEBUG 2014-12-18 18:36:29 views 5904 4900 wangxin: 操作python core学习系列之 三元运算符以及 decimal的学习成功
DEBUG 2014-12-19 01:00:31 views 6788 6968 wangxin:登陆成功
DEBUG 2014-12-19 01:00:35 views 6788 6680 wangxin: 添加文章 
DEBUG 2014-12-19 01:02:00 views 6788 2300 wangxin: 添加文章 
DEBUG 2014-12-19 01:02:00 views 6788 2300 wangxin: 操作jquery学习系列之 鼠标悬停图片放大效果成功
DEBUG 2014-12-19 01:06:26 views 6788 168 wangxin: 发表评论 成功
DEBUG 2014-12-19 09:58:04 views 6560 5196 wangxin: 添加文章 
DEBUG 2014-12-19 09:58:11 views 6560 6604 wangxin: 修改文章
DEBUG 2014-12-19 09:58:16 views 6560 5876 wangxin: 修改文章
DEBUG 2014-12-19 09:58:16 views 6560 5876 wangxin: 操作django学习系列之 在Django中实现验证码(转帖)成功
DEBUG 2014-12-19 10:02:23 views 5344 6028 wangxin: 添加文章 
DEBUG 2014-12-19 10:03:02 views 5344 2364 wangxin: 添加文章 
DEBUG 2014-12-19 10:03:02 views 5344 2364 wangxin: 操作python学习系列之 测试中文编码成功
DEBUG 2014-12-19 10:03:23 views 5344 4112 wangxin: 修改文章
DEBUG 2014-12-19 10:03:30 views 5344 2660 wangxin: 修改文章
DEBUG 2014-12-19 10:03:30 views 5344 2660 wangxin: 操作python学习系列之 测试中文编码成功
DEBUG 2014-12-19 10:04:04 views 5344 1352 wangxin:注销
DEBUG 2014-12-19 10:04:18 views 5344 6168 wangxin:登陆成功
DEBUG 2014-12-19 10:04:21 views 5344 5368 wangxin:注销
DEBUG 2014-12-19 10:04:26 views 5344 6544 AnonymousUser:找回密码启动
DEBUG 2014-12-19 10:04:48 views 5344 6976 AnonymousUser:找回密码启动
DEBUG 2014-12-19 10:04:48 views 5344 6976 AnonymousUser,找回密码失败，找回问题回答错误
DEBUG 2014-12-19 10:05:03 views 5344 5944 AnonymousUser:找回密码启动
DEBUG 2014-12-19 10:05:06 views 5344 5944 AnonymousUser,找回密码成功 
DEBUG 2014-12-19 10:06:11 views 5344 2348 AnonymousUser:找回密码启动
DEBUG 2014-12-19 10:06:28 views 5344 3388 AnonymousUser:找回密码启动
DEBUG 2014-12-19 10:06:28 views 5344 3388 AnonymousUser,找回密码成功 
DEBUG 2014-12-19 10:07:08 views 5344 4516 AnonymousUser:登陆失败:用户名或密码输入错误，请重新输入
DEBUG 2014-12-19 10:07:25 views 5344 4148 wangxin:登陆成功
DEBUG 2014-12-19 10:07:44 views 5344 6140 wangxin:注销
DEBUG 2014-12-19 10:07:56 views 5344 6560 wangxin:登陆成功
DEBUG 2014-12-19 10:17:06 views 6124 6752 wangxin:注销
DEBUG 2014-12-19 10:17:10 views 6124 5908 AnonymousUser:找回密码启动
DEBUG 2014-12-19 10:17:28 views 6124 2168 AnonymousUser:找回密码启动
DEBUG 2014-12-19 10:17:34 views 6124 2168 AnonymousUser,找回密码成功 
DEBUG 2014-12-19 10:18:01 views 6124 3840 AnonymousUser:登陆失败:用户名或密码输入错误，请重新输入
DEBUG 2014-12-19 10:18:09 views 6124 2164 wangxin:登陆成功
DEBUG 2014-12-19 10:18:32 views 6124 3092 wangxin:注销
DEBUG 2014-12-19 10:19:29 views 6124 3744 AnonymousUser:注册成功
DEBUG 2014-12-19 10:21:35 views 6124 2820 caocao:注销
DEBUG 2014-12-19 10:21:46 views 6124 6980 caocao:登陆成功
DEBUG 2014-12-19 10:23:24 views 6124 5652 caocao:注销
DEBUG 2014-12-19 10:44:09 views 3852 6404 wangxin:登陆成功
DEBUG 2014-12-19 10:44:14 views 3852 5760 wangxin: 添加文章 
DEBUG 2014-12-19 10:45:07 views 3852 1568 wangxin: 添加文章 
DEBUG 2014-12-19 10:45:08 views 3852 1568 wangxin: 操作git学习系列之 git远程操作成功
DEBUG 2014-12-19 10:45:44 views 3852 3032 wangxin: 发表评论 成功
DEBUG 2014-12-19 10:45:54 views 3852 4064 wangxin : 删除评论 成功
DEBUG 2014-12-19 10:56:42 views 3852 5260 wangxin: 添加文章 
DEBUG 2014-12-19 11:05:16 views 5944 6908 AnonymousUser:注销
DEBUG 2014-12-19 11:05:29 views 5944 2192 AnonymousUser:登陆失败:用户名或密码输入错误，请重新输入
DEBUG 2014-12-19 11:05:38 views 5944 5736 wangxin:登陆成功
DEBUG 2014-12-19 11:06:53 views 5944 1260 wangxin: 添加文章 
DEBUG 2014-12-19 11:07:59 views 5944 3852 wangxin: 添加文章 
DEBUG 2014-12-19 11:08:00 views 5944 3852 wangxin: 操作windows 如何查看端口占用情况?成功
DEBUG 2014-12-21 10:05:17 views 3532 2616 wangxin:登陆成功
DEBUG 2014-12-21 10:06:53 views 3532 7092 wangxin: 添加文章 
DEBUG 2014-12-21 10:19:39 views 3532 2236 wangxin: 添加文章 
DEBUG 2014-12-21 10:19:39 views 3532 2236 wangxin: 操作jquery学习系列之 jquery cookie插件的学习成功
DEBUG 2014-12-21 10:43:25 views 3532 6428 wangxin: 发表评论 成功
DEBUG 2014-12-22 10:44:19 views 5800 5676 wangxin:登陆成功
DEBUG 2014-12-22 10:52:57 views 5800 644 wangxin:登陆成功
DEBUG 2014-12-22 11:29:48 views 5800 4576 wangxin:登陆成功
DEBUG 2014-12-22 12:04:03 views 5800 4428 wangxin:登陆成功
DEBUG 2014-12-22 15:43:14 views 3048 5496 wangxin:登陆成功
DEBUG 2014-12-22 15:43:17 views 3048 3296 wangxin: 添加文章 
DEBUG 2014-12-22 15:46:38 views 3048 6100 wangxin: 添加文章 
DEBUG 2014-12-22 15:46:38 views 3048 6100 wangxin: 操作django学习系列之 reverse 的使用成功
DEBUG 2014-12-22 15:47:30 views 3048 748 wangxin: 添加文章 
DEBUG 2014-12-22 15:54:10 views 3048 5344 wangxin: 添加文章 
DEBUG 2014-12-22 15:54:10 views 3048 5344 wangxin: 操作django学习系列之 浅析MiddleWare(django中间件)成功
DEBUG 2014-12-22 16:01:10 views 3048 4836 wangxin: 发表评论 成功
DEBUG 2014-12-23 22:27:17 views 5744 5148 wangxin:登陆成功
DEBUG 2014-12-23 22:27:20 views 5744 5296 wangxin: 添加文章 
DEBUG 2014-12-23 22:28:26 views 5744 5884 wangxin: 添加文章 
DEBUG 2014-12-23 22:28:26 views 5744 5884 wangxin: 操作python core学习系列之 python 反射(自省)成功
DEBUG 2014-12-23 22:41:12 views 5744 2884 wangxin: 发表评论 成功
DEBUG 2014-12-23 23:07:28 views 5744 4204 wangxin: 添加文章 
DEBUG 2014-12-23 23:08:22 views 5744 1372 wangxin: 添加文章 
DEBUG 2014-12-23 23:08:22 views 5744 1372 wangxin: 操作jquery学习系列之 jquery插件学习成功
DEBUG 2014-12-24 18:13:02 views 5648 3428 wangxin: 发表评论 成功
DEBUG 2014-12-24 18:13:07 views 5648 5916 wangxin : 删除评论 成功
DEBUG 2014-12-25 20:30:29 views 4028 3424 AnonymousUser:登陆失败:用户名或密码输入错误，请重新输入
DEBUG 2014-12-25 20:30:36 views 4028 4488 wangxin:登陆成功
DEBUG 2014-12-25 20:30:39 views 4028 1092 wangxin: 添加文章 
DEBUG 2014-12-25 20:31:51 views 4028 496 wangxin: 添加文章 
DEBUG 2014-12-25 20:31:51 views 4028 496 wangxin: 操作mysql学习系列之 replace into成功
DEBUG 2014-12-25 20:35:40 views 4028 5820 wangxin: 添加文章 
DEBUG 2014-12-25 20:36:26 views 4028 3180 wangxin: 添加文章 
DEBUG 2014-12-25 20:36:26 views 4028 3180 wangxin: 操作mysql 学习系列之 replace into成功
DEBUG 2014-12-26 11:51:37 views 1912 5904 wangxin:注销
DEBUG 2014-12-26 11:51:44 views 1912 6120 AnonymousUser:找回密码启动
DEBUG 2014-12-26 11:52:01 views 1912 6596 AnonymousUser:找回密码启动
DEBUG 2014-12-26 11:52:04 views 1912 6596 AnonymousUser,找回密码成功 
DEBUG 2014-12-28 09:55:28 views 5836 2580 AnonymousUser:登陆失败:用户名或密码输入错误，请重新输入
DEBUG 2014-12-28 09:55:38 views 5836 5300 wangxin:登陆成功
DEBUG 2014-12-28 09:56:02 views 5836 3956 wangxin: 添加文章 
DEBUG 2014-12-28 09:57:57 views 5836 6476 wangxin: 添加文章 
DEBUG 2014-12-28 09:57:57 views 5836 6476 wangxin: 操作django学习系列之  Django运行方式及处理流程总结成功
DEBUG 2014-12-28 10:10:14 views 5836 6916 wangxin:注销
DEBUG 2014-12-28 11:28:20 views 5720 4852 wangxin:登陆成功
DEBUG 2014-12-28 11:28:23 views 5720 6812 wangxin: 添加文章 
DEBUG 2014-12-28 11:37:13 views 5720 6928 wangxin: 添加文章 
DEBUG 2014-12-28 11:37:30 views 5720 5712 wangxin: 添加文章 
DEBUG 2014-12-28 11:37:31 views 5720 5712 wangxin: 操作django学习系列之 disqus学习成功
DEBUG 2014-12-28 15:57:26 views 5720 4148 AnonymousUser:登陆失败:用户名或密码输入错误，请重新输入
DEBUG 2014-12-28 15:57:31 views 5720 5404 wangxin:登陆成功
DEBUG 2014-12-28 16:20:32 views 7384 5628 wangxin:登陆成功
DEBUG 2014-12-28 22:15:13 views 7124 6696 wangxin:注销
DEBUG 2014-12-28 22:25:09 views 1848 6672 wangxin:注销
DEBUG 2014-12-28 22:39:30 views 6792 5224 wangxin1:注销
DEBUG 2014-12-28 22:52:31 views 6812 7040 wangxin2:注销
DEBUG 2014-12-28 22:53:29 views 6812 3732 wangxin5:注销
DEBUG 2014-12-28 23:03:36 views 3608 3352 AnonymousUser:注册成功
DEBUG 2014-12-28 23:05:23 views 3608 3096 zhaoxiaoyan:注销
DEBUG 2014-12-28 23:05:58 views 3608 6044 wangxin8:注销
DEBUG 2014-12-28 23:20:31 views 3608 6508 wangxin:注销
DEBUG 2014-12-28 23:24:24 views 3608 3080 AnonymousUser:注册成功
DEBUG 2014-12-28 23:24:37 views 3608 3808 zhaomingming:注销
DEBUG 2014-12-28 23:25:57 views 3608 6884 defuxiaozhu84zoubianbeij:注销
DEBUG 2014-12-28 23:30:22 views 3608 6260 AnonymousUser:注册成功
DEBUG 2014-12-28 23:31:51 views 3608 6544 15201649644:注销
DEBUG 2014-12-28 23:32:23 views 3608 6268 AnonymousUser:注册成功
DEBUG 2014-12-28 23:32:30 views 3608 5300 defuxiaozhu84:注销
DEBUG 2014-12-28 23:33:36 views 3608 5428 defuxiaozhu848:注销
DEBUG 2014-12-28 23:48:59 views 2532 6504 wangxin:注销
DEBUG 2014-12-29 11:15:51 views 5564 2376 wangxin:注销
DEBUG 2014-12-29 11:22:25 views 3600 6104 wangxin:注销
DEBUG 2014-12-29 11:48:55 views 5452 3104 wangxin:注销
DEBUG 2014-12-29 11:51:07 views 5452 1052 wangxin:注销
DEBUG 2014-12-29 12:15:53 views 5844 5212 wangxin:注销
DEBUG 2014-12-29 12:33:27 views 5844 2160 wangxin:注销
DEBUG 2014-12-29 12:34:32 views 5844 3840 wangxin:注销
DEBUG 2014-12-29 12:35:50 views 5844 1424 wangxin:注销
DEBUG 2014-12-29 12:36:27 views 5844 6080 AnonymousUser:注册成功
DEBUG 2014-12-29 12:42:37 views 5844 1736 zhangxiaoyan:注销
DEBUG 2014-12-29 12:42:51 views 5844 5024 zhangxiaoyan:登陆成功
DEBUG 2014-12-29 13:34:08 views 6848 3820 wangxin:注销
DEBUG 2014-12-29 13:36:02 views 6848 5612 wangxin:注销
DEBUG 2014-12-29 13:37:32 views 6228 5804 wangxin:注销
DEBUG 2014-12-29 13:39:54 views 6228 6556 wangxin:注销
DEBUG 2014-12-29 13:40:45 views 6228 5952 wangxin:注销
DEBUG 2014-12-29 13:42:54 views 6896 3512 wangxin:注销
DEBUG 2014-12-29 13:44:00 views 6896 2960 zhangxiaoyan:注销
DEBUG 2014-12-29 13:47:02 views 6896 6852 wangxin:注销
DEBUG 2014-12-29 13:49:49 views 6896 6084 wangxin:注销
DEBUG 2014-12-29 13:51:15 views 6896 7092 zhangxiaoyan:注销
DEBUG 2014-12-29 13:51:42 views 6896 1232 AnonymousUser:注销
DEBUG 2014-12-29 14:48:31 views 7096 5660 wangxin:注销
DEBUG 2014-12-29 15:03:40 views 6252 5308 wangxin:注销
DEBUG 2014-12-29 15:18:37 views 6312 6252 wangxin:注销
DEBUG 2014-12-29 15:19:14 views 6312 6876 AnonymousUser:注册成功
DEBUG 2014-12-29 15:21:09 views 6312 5280 zhangsanfeng:注销
DEBUG 2014-12-29 15:21:34 views 6312 6240 wangxin:登陆成功
DEBUG 2014-12-29 15:24:25 views 6312 2952 wangxin:注销
DEBUG 2014-12-29 15:24:36 views 6312 6608 AnonymousUser:注销
DEBUG 2014-12-29 15:26:06 views 6312 5528 wangxin:注销
DEBUG 2014-12-29 15:26:47 views 6312 2912 AnonymousUser:注册成功
DEBUG 2014-12-29 15:36:25 views 6312 5592 renbaofeng:注销
DEBUG 2014-12-29 15:36:39 views 6312 6652 AnonymousUser:登陆失败:用户名或密码输入错误，请重新输入
DEBUG 2014-12-29 15:36:46 views 6312 4752 AnonymousUser:登陆失败:用户名或密码输入错误，请重新输入
DEBUG 2014-12-29 15:37:01 views 6312 7160 AnonymousUser:登陆失败:用户名或密码输入错误，请重新输入
DEBUG 2014-12-29 15:38:48 views 6312 5032 renbaofeng:登陆成功
DEBUG 2014-12-29 15:41:42 views 6312 3408 renbaofeng:注销
DEBUG 2014-12-29 15:43:44 views 6312 5428 renbaofeng:注销
DEBUG 2014-12-29 15:46:52 views 6312 6096 wangxin:注销
DEBUG 2014-12-29 15:47:07 views 6312 6904 zhangsanfeng:登陆成功
DEBUG 2014-12-29 15:49:10 views 6312 3628 zhangsanfeng:注销
DEBUG 2014-12-30 10:46:24 views 5420 1256 renbaofeng:注销
DEBUG 2014-12-30 10:46:46 views 5420 3460 wangxin: 修改文章
DEBUG 2014-12-30 10:47:13 views 5420 5748 wangxin: 修改文章
DEBUG 2014-12-30 10:47:13 views 5420 5748 wangxin: 操作django学习系列之 在Django中实现验证码(转帖)成功
DEBUG 2014-12-30 12:16:40 views 4472 3456 wangxin:登陆成功
DEBUG 2014-12-30 12:20:23 views 4472 4320 wangxin:注销
DEBUG 2014-12-30 13:34:46 views 6732 6448 renbaofeng:注销
DEBUG 2014-12-30 15:16:33 views 6856 5340 wangxin:注销
DEBUG 2014-12-30 15:54:55 views 6856 5912 wangxin:注销
DEBUG 2014-12-30 16:14:06 views 6856 6720 renbaofeng:注销
DEBUG 2014-12-30 16:14:32 views 6856 7076 wangxin: 修改文章
DEBUG 2014-12-30 16:15:59 views 6856 4772 wangxin: 修改文章
DEBUG 2014-12-30 16:15:59 views 6856 4772 wangxin: 操作django学习系列之  Django运行方式及处理流程总结成功
DEBUG 2014-12-30 16:16:46 views 6856 6620 wangxin: 修改文章
DEBUG 2014-12-30 16:16:55 views 6856 6480 wangxin: 修改文章
DEBUG 2014-12-30 16:17:44 views 6856 6160 wangxin: 修改文章
DEBUG 2014-12-30 16:17:44 views 6856 6160 wangxin: 操作django学习系列之  Django运行方式及处理流程总结成功
DEBUG 2014-12-30 16:19:00 views 6856 5984 wangxin:注销
DEBUG 2014-12-30 16:19:12 views 6856 6524 wangxin:登陆成功
DEBUG 2014-12-30 16:21:34 views 6856 436 wangxin:注销
DEBUG 2014-12-30 16:21:48 views 6856 2776 AnonymousUser:登陆失败:用户名或密码输入错误，请重新输入
DEBUG 2014-12-30 16:21:56 views 6856 6092 renbaofeng:登陆成功
DEBUG 2014-12-30 16:24:32 views 6856 6532 wangxin:注销
DEBUG 2014-12-30 17:26:47 views 6940 1072 wangxin:注销
DEBUG 2014-12-30 17:28:32 views 6940 3596 renbaofeng:注销
DEBUG 2014-12-30 17:29:20 views 6940 3792 AnonymousUser:注册成功
DEBUG 2014-12-30 17:35:11 views 6940 6208 renbaofeng:注销
DEBUG 2014-12-30 17:35:32 views 6940 6660 maodanqing:登陆成功
DEBUG 2014-12-30 17:47:46 views 6940 4624 maodanqing:注销
DEBUG 2014-12-30 17:47:56 views 6940 6920 AnonymousUser:登陆失败:用户名或密码输入错误，请重新输入
DEBUG 2014-12-30 17:48:26 views 6940 7148 AnonymousUser:注册成功
DEBUG 2014-12-30 17:51:36 views 6940 5908 hehe:注销
DEBUG 2014-12-30 17:53:47 views 6940 688 wangxin:注销
DEBUG 2014-12-30 18:24:43 views 4780 5908 renbaofeng:注销
DEBUG 2014-12-30 18:24:56 views 4780 2260 renbaofeng:登陆成功
DEBUG 2014-12-30 18:35:05 views 4780 4828 renbaofeng:注销
DEBUG 2014-12-30 18:35:15 views 4780 4676 wangxin:登陆成功
DEBUG 2014-12-30 18:36:27 views 4780 7080 wangxin: 添加文章 
DEBUG 2014-12-30 18:37:25 views 4780 6868 wangxin: 添加文章 
DEBUG 2014-12-30 18:37:25 views 4780 6868 wangxin: 操作django学习系列之 markdown 学习成功
DEBUG 2014-12-30 18:52:48 views 4780 1796 wangxin: 添加文章 
DEBUG 2014-12-30 18:53:25 views 4780 4280 wangxin:注销
DEBUG 2014-12-30 18:54:00 views 4780 3456 wangxin:注销
